2023.03.17 13:32:12 INFO  Started: Metals version 0.11.11 in workspace 'C:\Users\darij\Desktop\emptyfolder\strategy' for client Visual Studio Code 1.76.2.
SLF4J: No SLF4J providers were found.
SLF4J: Defaulting to no-operation (NOP) logger implementation
SLF4J: See https://www.slf4j.org/codes.html#noProviders for further details.
SLF4J: Class path contains SLF4J bindings targeting slf4j-api versions 1.7.x or earlier.
SLF4J: Ignoring binding found at [jar:file:/C:/Users/darij/AppData/Local/Coursier/cache/v1/https/repo1.maven.org/maven2/com/outr/scribe-slf4j_2.13/3.11.0/scribe-slf4j_2.13-3.11.0.jar!/org/slf4j/impl/StaticLoggerBinder.class]
SLF4J: See https://www.slf4j.org/codes.html#ignoredBindings for an explanation.
2023.03.17 13:32:13 INFO  time: initialize in 0.72s
2023.03.17 13:32:15 WARN  Build server is not auto-connectable.
2023.03.17 13:32:15 WARN  no build target for: C:\Users\darij\Desktop\emptyfolder\strategy\build.sbt
2023.03.17 13:32:18 INFO  no build target found for C:\Users\darij\Desktop\emptyfolder\strategy\build.sbt. Using presentation compiler with project's scala-library version: 3.2.2
2023.03.17 13:32:20 INFO  time: code lens generation in 5.09s
2023.03.17 13:33:53 WARN  no build target for: C:\Users\darij\Desktop\emptyfolder\strategy\build.sbt
2023.03.17 13:33:56 INFO  running 'C:\Users\darij\.jabba\jdk\adopt@1.11.0-11\bin\java -Djline.terminal=jline.UnsupportedTerminal -Dsbt.log.noformat=true -Dfile.encoding=UTF-8 -jar C:\Users\darij\AppData\Local\Temp\metals11572282043467858934\sbt-launch.jar -Dbloop.export-jar-classifiers=sources bloopInstall'
2023.03.17 13:33:59 INFO  [info] welcome to sbt 1.8.2 (AdoptOpenJDK Java 11.0.11)
2023.03.17 13:34:02 INFO  [info] loading settings for project strategy-build-build from metals.sbt ...
2023.03.17 13:34:03 INFO  [info] loading project definition from C:\Users\darij\Desktop\emptyfolder\strategy\project\project
2023.03.17 13:34:06 INFO  [info] loading settings for project strategy-build from metals.sbt ...
2023.03.17 13:34:06 INFO  [info] loading project definition from C:\Users\darij\Desktop\emptyfolder\strategy\project
2023.03.17 13:34:10 INFO  [success] Generated .bloop\strategy-build.json
2023.03.17 13:34:10 INFO  [success] Total time: 3 s, completed 17 Mar 2023, 13.34.10
2023.03.17 13:34:12 INFO  [info] loading settings for project strategy from build.sbt ...
2023.03.17 13:34:12 INFO  [info] set current project to hello-world (in build file:/C:/Users/darij/Desktop/emptyfolder/strategy/)
2023.03.17 13:34:12 INFO  [success] Generated .bloop\strategy-test.json
2023.03.17 13:34:12 INFO  [success] Generated .bloop\strategy.json
2023.03.17 13:34:12 INFO  [success] Total time: 0 s, completed 17 Mar 2023, 13.34.12
2023.03.17 13:34:13 INFO  time: ran 'sbt bloopInstall' in 16s
2023.03.17 13:34:13 INFO  Attempting to connect to the build server...
2023.03.17 13:34:13 INFO  Bloop uses C:\Users\darij\.jabba\jdk\adopt@1.11.0-11 defined at C:\Users\darij\.bloop\bloop.json
2023.03.17 13:34:13 INFO  tracing is disabled for protocol BSP, to enable tracing of incoming and outgoing JSON messages create an empty file at C:\Users\darij\Desktop\emptyfolder\strategy\.metals\bsp.trace.json or C:\Users\darij\AppData\Local\scalameta\metals\cache\bsp.trace.json
2023.03.17 13:34:14 INFO  Attempting to connect to the build server...
2023.03.17 13:34:14 INFO  Bloop uses C:\Users\darij\.jabba\jdk\adopt@1.11.0-11 defined at C:\Users\darij\.bloop\bloop.json
2023.03.17 13:34:14 INFO  tracing is disabled for protocol BSP, to enable tracing of incoming and outgoing JSON messages create an empty file at C:\Users\darij\Desktop\emptyfolder\strategy\project\.metals\bsp.trace.json or C:\Users\darij\AppData\Local\scalameta\metals\cache\bsp.trace.json
2023.03.17 13:34:14 INFO  time: Connected to build server in 1.71s
2023.03.17 13:34:14 INFO  Connected to Build server: Bloop v1.5.6
2023.03.17 13:34:14 INFO  time: Imported build in 0.12s
2023.03.17 13:34:21 INFO  time: indexed workspace in 6.03s
2023.03.17 13:34:27 INFO  time: code lens generation in 6.54s
2023.03.17 13:34:27 INFO  time: code lens generation in 3.92s
2023.03.17 13:35:58 INFO  compiling strategy (1 scala source)
2023.03.17 13:36:12 INFO  time: compiled strategy in 14s
Mar 17, 2023 1:42:58 PM org.eclipse.lsp4j.jsonrpc.services.GenericEndpoint notify
INFO: Unsupported notification method: $/setTrace
2023.03.17 14:09:33 INFO  compiling strategy (1 scala source)
2023.03.17 14:09:35 INFO  time: compiled strategy in 1.31s
Mar 17, 2023 2:14:33 PM org.eclipse.lsp4j.jsonrpc.services.GenericEndpoint notify
INFO: Unsupported notification method: $/setTrace
Mar 17, 2023 2:27:53 PM org.eclipse.lsp4j.jsonrpc.RemoteEndpoint handleCancellation
WARNING: Unmatched cancel notification for request id 97
Mar 17, 2023 2:27:54 PM org.eclipse.lsp4j.jsonrpc.RemoteEndpoint handleCancellation
WARNING: Unmatched cancel notification for request id 98
Mar 17, 2023 2:27:54 PM org.eclipse.lsp4j.jsonrpc.RemoteEndpoint handleCancellation
WARNING: Unmatched cancel notification for request id 99
Mar 17, 2023 2:27:54 PM org.eclipse.lsp4j.jsonrpc.RemoteEndpoint handleCancellation
WARNING: Unmatched cancel notification for request id 101
Mar 17, 2023 2:27:54 PM org.eclipse.lsp4j.jsonrpc.RemoteEndpoint handleCancellation
WARNING: Unmatched cancel notification for request id 103
Mar 17, 2023 2:27:54 PM org.eclipse.lsp4j.jsonrpc.RemoteEndpoint handleCancellation
WARNING: Unmatched cancel notification for request id 106
Mar 17, 2023 2:27:54 PM org.eclipse.lsp4j.jsonrpc.RemoteEndpoint handleCancellation
WARNING: Unmatched cancel notification for request id 108
2023.03.17 14:28:01 INFO  compiling strategy (1 scala source)
2023.03.17 14:28:02 INFO  time: compiled strategy in 1s
Mar 17, 2023 2:29:10 PM org.eclipse.lsp4j.jsonrpc.services.GenericEndpoint notify
INFO: Unsupported notification method: $/setTrace
2023.03.17 14:41:43 INFO  compiling strategy (1 scala source)
2023.03.17 14:41:43 INFO  time: compiled strategy in 0.76s
2023.03.17 14:43:23 INFO  compiling strategy (1 scala source)
2023.03.17 14:43:23 INFO  time: compiled strategy in 0.51s
something's wrong: no file:///C:/Users/darij/Desktop/emptyfolder/strategy/src/main/scala/Hex.scala in scala.collection.mutable.Buffer[<error>]RangePosition(file:///C:/Users/darij/Desktop/emptyfolder/strategy/src/main/scala/Hex.scala, 59, 59, 75)
2023.03.17 14:50:57 INFO  compiling strategy (1 scala source)
2023.03.17 14:50:57 INFO  time: compiled strategy in 0.17s
2023.03.17 14:53:50 INFO  compiling strategy (1 scala source)
2023.03.17 14:53:50 INFO  time: compiled strategy in 98ms
Mar 17, 2023 2:54:57 PM org.eclipse.lsp4j.jsonrpc.RemoteEndpoint handleCancellation
WARNING: Unmatched cancel notification for request id 576
2023.03.17 14:54:59 INFO  compiling strategy (1 scala source)
2023.03.17 14:54:59 INFO  time: compiled strategy in 74ms
2023.03.17 14:55:45 INFO  compiling strategy (1 scala source)
2023.03.17 14:55:45 INFO  time: compiled strategy in 84ms
Mar 17, 2023 2:55:46 PM org.eclipse.lsp4j.jsonrpc.RemoteEndpoint handleCancellation
WARNING: Unmatched cancel notification for request id 670
2023.03.17 14:55:58 WARN  no build target for: C:\Users\darij\Desktop\emptyfolder\strategy\src\main\Entity.scala
2023.03.17 14:56:01 INFO  compiling strategy (1 scala source)
2023.03.17 14:56:01 INFO  time: compiled strategy in 87ms
2023.03.17 14:56:17 WARN  no build target for: C:\Users\darij\Desktop\emptyfolder\strategy\src\main\Entity.scala
2023.03.17 14:56:20 INFO  compiling strategy (1 scala source)
2023.03.17 14:56:20 INFO  time: compiled strategy in 81ms
2023.03.17 14:57:31 INFO  compiling strategy (1 scala source)
2023.03.17 14:57:31 INFO  time: compiled strategy in 77ms
2023.03.17 15:05:11 INFO  compiling strategy (3 scala sources)
2023.03.17 15:05:11 INFO  time: compiled strategy in 92ms
2023.03.17 15:05:13 INFO  compiling strategy (3 scala sources)
2023.03.17 15:05:13 INFO  time: compiled strategy in 77ms
2023.03.17 15:05:16 INFO  compiling strategy (3 scala sources)
2023.03.17 15:05:16 INFO  time: compiled strategy in 0.1s
2023.03.17 15:05:19 INFO  compiling strategy (3 scala sources)
2023.03.17 15:05:19 INFO  time: compiled strategy in 88ms
2023.03.17 15:05:21 INFO  compiling strategy (3 scala sources)
2023.03.17 15:05:21 INFO  time: compiled strategy in 77ms
2023.03.17 15:06:02 INFO  compiling strategy (3 scala sources)
2023.03.17 15:06:02 INFO  time: compiled strategy in 78ms
2023.03.17 15:07:46 INFO  compiling strategy (3 scala sources)
2023.03.17 15:07:46 INFO  time: compiled strategy in 86ms
2023.03.17 15:07:49 INFO  compiling strategy (3 scala sources)
2023.03.17 15:07:49 INFO  time: compiled strategy in 81ms
2023.03.17 15:08:16 INFO  compiling strategy (3 scala sources)
2023.03.17 15:08:16 INFO  time: compiled strategy in 81ms
2023.03.17 15:08:19 INFO  compiling strategy (3 scala sources)
2023.03.17 15:08:19 INFO  time: compiled strategy in 0.12s
2023.03.17 15:08:22 INFO  compiling strategy (3 scala sources)
2023.03.17 15:08:22 INFO  time: compiled strategy in 69ms
2023.03.17 15:08:51 WARN  Using indexes to guess the definition of Entity
2023.03.17 15:08:51 INFO  compiling strategy (3 scala sources)
2023.03.17 15:08:51 INFO  time: compiled strategy in 89ms
2023.03.17 15:11:25 INFO  compiling strategy (3 scala sources)
2023.03.17 15:11:25 INFO  time: compiled strategy in 81ms
2023.03.17 15:11:28 INFO  compiling strategy (3 scala sources)
2023.03.17 15:11:28 INFO  time: compiled strategy in 71ms
2023.03.17 15:16:10 INFO  compiling strategy (3 scala sources)
2023.03.17 15:16:10 INFO  time: compiled strategy in 87ms
2023.03.17 15:16:13 INFO  compiling strategy (3 scala sources)
2023.03.17 15:16:13 INFO  time: compiled strategy in 64ms
2023.03.17 15:18:47 INFO  compiling strategy (3 scala sources)
2023.03.17 15:18:47 INFO  time: compiled strategy in 54ms
2023.03.17 15:19:00 INFO  compiling strategy (3 scala sources)
2023.03.17 15:19:00 INFO  time: compiled strategy in 86ms
2023.03.17 15:19:14 INFO  compiling strategy (3 scala sources)
2023.03.17 15:19:14 INFO  time: compiled strategy in 74ms
2023.03.17 15:19:16 INFO  compiling strategy (3 scala sources)
2023.03.17 15:19:16 INFO  time: compiled strategy in 85ms
2023.03.17 15:20:26 INFO  compiling strategy (3 scala sources)
2023.03.17 15:20:26 INFO  time: compiled strategy in 75ms
2023.03.17 15:20:35 INFO  compiling strategy (3 scala sources)
2023.03.17 15:20:35 INFO  time: compiled strategy in 60ms
2023.03.17 15:20:43 INFO  compiling strategy (3 scala sources)
2023.03.17 15:20:43 INFO  time: compiled strategy in 57ms
2023.03.17 15:20:46 INFO  compiling strategy (3 scala sources)
2023.03.17 15:20:46 INFO  time: compiled strategy in 59ms
2023.03.17 15:20:48 INFO  compiling strategy (3 scala sources)
2023.03.17 15:20:48 INFO  time: compiled strategy in 75ms
2023.03.17 15:20:56 INFO  compiling strategy (3 scala sources)
2023.03.17 15:20:56 INFO  time: compiled strategy in 70ms
2023.03.17 15:20:58 INFO  compiling strategy (3 scala sources)
2023.03.17 15:20:58 INFO  time: compiled strategy in 49ms
2023.03.17 15:21:01 INFO  compiling strategy (3 scala sources)
2023.03.17 15:21:01 INFO  time: compiled strategy in 73ms
2023.03.17 15:23:18 INFO  compiling strategy (3 scala sources)
2023.03.17 15:23:18 INFO  time: compiled strategy in 74ms
2023.03.17 15:23:32 INFO  compiling strategy (3 scala sources)
2023.03.17 15:23:32 INFO  time: compiled strategy in 0.88s
2023.03.17 15:23:49 INFO  compiling strategy (1 scala source)
2023.03.17 15:23:49 INFO  time: compiled strategy in 0.76s
2023.03.17 15:27:15 INFO  compiling strategy (1 scala source)
2023.03.17 15:27:15 INFO  time: compiled strategy in 0.63s
Mar 17, 2023 3:27:21 PM org.eclipse.lsp4j.jsonrpc.RemoteEndpoint handleCancellation
WARNING: Unmatched cancel notification for request id 1662
2023.03.17 15:27:24 INFO  compiling strategy (1 scala source)
2023.03.17 15:27:24 INFO  time: compiled strategy in 0.61s
2023.03.17 15:30:08 INFO  compiling strategy (1 scala source)
2023.03.17 15:30:08 INFO  time: compiled strategy in 78ms
2023.03.17 15:30:17 INFO  compiling strategy (1 scala source)
2023.03.17 15:30:17 INFO  time: compiled strategy in 73ms
2023.03.17 15:34:15 INFO  compiling strategy (1 scala source)
2023.03.17 15:34:15 INFO  time: compiled strategy in 71ms
Mar 17, 2023 3:37:56 PM org.eclipse.lsp4j.jsonrpc.RemoteEndpoint handleNotification
WARNING: Notification threw an exception: {
  "jsonrpc": "2.0",
  "method": "textDocument/didChange",
  "params": {
    "textDocument": {
      "version": 276,
      "uri": "file:///c%3A/Users/darij/Desktop/emptyfolder/strategy/src/main/scala/Hex.scala"
    },
    "contentChanges": [
      {
        "text": "\r\nimport scala.collection.mutable.Buffer\r\nimport base.Entity\r\n\r\nclass Hex(val entities:Seq[Entity]) \r\n    \r\n"
      }
    ]
  }
}
java.lang.RuntimeException: java.lang.reflect.InvocationTargetException
	at org.eclipse.lsp4j.jsonrpc.services.GenericEndpoint.lambda$null$0(GenericEndpoint.java:67)
	at org.eclipse.lsp4j.jsonrpc.services.GenericEndpoint.notify(GenericEndpoint.java:152)
	at org.eclipse.lsp4j.jsonrpc.RemoteEndpoint.handleNotification(RemoteEndpoint.java:220)
	at org.eclipse.lsp4j.jsonrpc.RemoteEndpoint.consume(RemoteEndpoint.java:187)
	at org.eclipse.lsp4j.jsonrpc.json.StreamMessageProducer.handleMessage(StreamMessageProducer.java:194)
	at org.eclipse.lsp4j.jsonrpc.json.StreamMessageProducer.listen(StreamMessageProducer.java:94)
	at org.eclipse.lsp4j.jsonrpc.json.ConcurrentMessageProcessor.run(ConcurrentMessageProcessor.java:113)
	at java.base/java.util.concurrent.Executors$RunnableAdapter.call(Executors.java:515)
	at java.base/java.util.concurrent.FutureTask.run(FutureTask.java:264)
	at java.base/java.util.concurrent.ThreadPoolExecutor.runWorker(ThreadPoolExecutor.java:1128)
	at java.base/java.util.concurrent.ThreadPoolExecutor$Worker.run(ThreadPoolExecutor.java:628)
	at java.base/java.lang.Thread.run(Thread.java:829)
Caused by: java.lang.reflect.InvocationTargetException
	at jdk.internal.reflect.GeneratedMethodAccessor9.invoke(Unknown Source)
	at java.base/jdk.internal.reflect.DelegatingMethodAccessorImpl.invoke(DelegatingMethodAccessorImpl.java:43)
	at java.base/java.lang.reflect.Method.invoke(Method.java:566)
	at org.eclipse.lsp4j.jsonrpc.services.GenericEndpoint.lambda$null$0(GenericEndpoint.java:65)
	... 11 more
Caused by: java.lang.IllegalArgumentException: -1 is not a valid offset, allowed [0..108]
	at scala.meta.internal.inputs.InternalInput.offsetToLine(InternalInput.scala:48)
	at scala.meta.internal.inputs.InternalInput.offsetToLine$(InternalInput.scala:42)
	at scala.meta.inputs.Input$VirtualFile.offsetToLine(Input.scala:80)
	at scala.meta.inputs.Position$Range.startLine(Position.scala:39)
	at scala.meta.internal.mtags.CommonMtagsEnrichments$XtensionMetaPosition.toLsp(CommonMtagsEnrichments.scala:97)
	at scala.meta.internal.parsing.TokenEditDistance$Diff.$anonfun$toRevised$1(TokenEditDistance.scala:227)
	at scala.Option.flatMap(Option.scala:283)
	at scala.meta.internal.parsing.TokenEditDistance$Diff.toRevised(TokenEditDistance.scala:149)
	at scala.meta.internal.metals.Diagnostics.toFreshDiagnostic(Diagnostics.scala:263)
	at scala.meta.internal.metals.Diagnostics.$anonfun$publishDiagnostics$3(Diagnostics.scala:232)
	at scala.meta.internal.metals.Diagnostics.$anonfun$publishDiagnostics$3$adapted(Diagnostics.scala:231)
	at scala.collection.IterableOnceOps.foreach(IterableOnce.scala:575)
	at scala.collection.IterableOnceOps.foreach$(IterableOnce.scala:573)
	at scala.collection.AbstractIterable.foreach(Iterable.scala:933)
	at scala.meta.internal.metals.Diagnostics.publishDiagnostics(Diagnostics.scala:231)
	at scala.meta.internal.metals.Diagnostics.publishDiagnostics(Diagnostics.scala:188)
	at scala.meta.internal.metals.Diagnostics.didChange(Diagnostics.scala:136)
	at scala.meta.internal.metals.MetalsLspService.didChange(MetalsLspService.scala:1248)
	at scala.meta.metals.lsp.DelegatingScalaService.didChange(DelegatingScalaService.scala:50)
	... 15 more

2023.03.17 15:37:57 INFO  compiling strategy (1 scala source)
2023.03.17 15:37:57 INFO  time: compiled strategy in 0.63s
2023.03.17 15:38:07 INFO  compiling strategy (1 scala source)
2023.03.17 15:38:07 INFO  time: compiled strategy in 0.57s
2023.03.17 15:38:07 INFO  compiling strategy (1 scala source)
2023.03.17 15:38:07 INFO  time: compiled strategy in 42ms
2023.03.17 15:38:11 INFO  compiling strategy (1 scala source)
2023.03.17 15:38:11 INFO  time: compiled strategy in 0.6s
2023.03.17 15:38:11 INFO  compiling strategy (1 scala source)
2023.03.17 15:38:11 INFO  time: compiled strategy in 51ms
2023.03.17 15:38:24 INFO  compiling strategy (3 scala sources)
2023.03.17 15:38:24 INFO  time: compiled strategy in 88ms
2023.03.17 15:38:27 INFO  compiling strategy (3 scala sources)
2023.03.17 15:38:27 INFO  time: compiled strategy in 73ms
2023.03.17 15:38:30 INFO  compiling strategy (3 scala sources)
2023.03.17 15:38:31 INFO  time: compiled strategy in 1.06s
2023.03.17 15:39:23 INFO  compiling strategy (1 scala source)
2023.03.17 15:39:23 INFO  time: compiled strategy in 0.14s
2023.03.17 15:39:26 WARN  Could not load snapshot text for C:\Users\darij\Desktop\emptyfolder\strategy\src\main\scala\Hex.scala
2023.03.17 15:39:40 WARN  Could not load snapshot text for C:\Users\darij\Desktop\emptyfolder\strategy\src\main\scala\Hex.scala
2023.03.17 15:39:40 WARN  Could not load snapshot text for C:\Users\darij\Desktop\emptyfolder\strategy\src\main\scala\Hex.scala
2023.03.17 15:39:41 WARN  Could not load snapshot text for C:\Users\darij\Desktop\emptyfolder\strategy\src\main\scala\Hex.scala
2023.03.17 15:39:41 WARN  Could not load snapshot text for C:\Users\darij\Desktop\emptyfolder\strategy\src\main\scala\Hex.scala
2023.03.17 15:39:41 WARN  Could not load snapshot text for C:\Users\darij\Desktop\emptyfolder\strategy\src\main\scala\Hex.scala
2023.03.17 15:39:41 WARN  Could not load snapshot text for C:\Users\darij\Desktop\emptyfolder\strategy\src\main\scala\Hex.scala
2023.03.17 15:39:43 WARN  Could not load snapshot text for C:\Users\darij\Desktop\emptyfolder\strategy\src\main\scala\Hex.scala
2023.03.17 15:39:44 INFO  compiling strategy (1 scala source)
2023.03.17 15:39:44 INFO  time: compiled strategy in 0.11s
2023.03.17 15:39:46 WARN  Could not load snapshot text for C:\Users\darij\Desktop\emptyfolder\strategy\src\main\scala\Hex.scala
2023.03.17 15:41:14 WARN  Could not load snapshot text for C:\Users\darij\Desktop\emptyfolder\strategy\src\main\scala\Hex.scala
2023.03.17 15:41:18 WARN  Could not load snapshot text for C:\Users\darij\Desktop\emptyfolder\strategy\src\main\scala\Hex.scala
2023.03.17 15:41:21 WARN  Could not load snapshot text for C:\Users\darij\Desktop\emptyfolder\strategy\src\main\scala\Hex.scala
2023.03.17 15:41:23 WARN  Could not load snapshot text for C:\Users\darij\Desktop\emptyfolder\strategy\src\main\scala\Hex.scala
2023.03.17 15:41:24 INFO  compiling strategy (1 scala source)
2023.03.17 15:41:24 INFO  time: compiled strategy in 0.1s
2023.03.17 15:41:26 WARN  Could not load snapshot text for C:\Users\darij\Desktop\emptyfolder\strategy\src\main\scala\Hex.scala
2023.03.17 15:41:26 WARN  Could not load snapshot text for C:\Users\darij\Desktop\emptyfolder\strategy\src\main\scala\Hex.scala
2023.03.17 15:41:26 WARN  Could not load snapshot text for C:\Users\darij\Desktop\emptyfolder\strategy\src\main\scala\Hex.scala
2023.03.17 15:41:26 WARN  Could not load snapshot text for C:\Users\darij\Desktop\emptyfolder\strategy\src\main\scala\Hex.scala
2023.03.17 15:41:26 WARN  Could not load snapshot text for C:\Users\darij\Desktop\emptyfolder\strategy\src\main\scala\Hex.scala
2023.03.17 15:41:26 WARN  Could not load snapshot text for C:\Users\darij\Desktop\emptyfolder\strategy\src\main\scala\Hex.scala
2023.03.17 15:41:26 WARN  Could not load snapshot text for C:\Users\darij\Desktop\emptyfolder\strategy\src\main\scala\Hex.scala
2023.03.17 15:41:27 WARN  Could not load snapshot text for C:\Users\darij\Desktop\emptyfolder\strategy\src\main\scala\Hex.scala
2023.03.17 15:41:28 WARN  Could not load snapshot text for C:\Users\darij\Desktop\emptyfolder\strategy\src\main\scala\Hex.scala
2023.03.17 15:41:28 WARN  Could not load snapshot text for C:\Users\darij\Desktop\emptyfolder\strategy\src\main\scala\Hex.scala
2023.03.17 15:41:28 WARN  Could not load snapshot text for C:\Users\darij\Desktop\emptyfolder\strategy\src\main\scala\Hex.scala
2023.03.17 15:41:28 WARN  Could not load snapshot text for C:\Users\darij\Desktop\emptyfolder\strategy\src\main\scala\Hex.scala
2023.03.17 15:41:28 WARN  Could not load snapshot text for C:\Users\darij\Desktop\emptyfolder\strategy\src\main\scala\Hex.scala
2023.03.17 15:41:28 INFO  compiling strategy (1 scala source)
2023.03.17 15:41:28 INFO  time: compiled strategy in 0.66s
2023.03.17 15:41:31 WARN  Could not load snapshot text for C:\Users\darij\Desktop\emptyfolder\strategy\src\main\scala\Hex.scala
2023.03.17 15:41:39 WARN  Could not load snapshot text for C:\Users\darij\Desktop\emptyfolder\strategy\src\main\scala\Hex.scala
2023.03.17 15:41:43 WARN  Could not load snapshot text for C:\Users\darij\Desktop\emptyfolder\strategy\src\main\scala\Hex.scala
2023.03.17 15:41:44 INFO  compiling strategy (1 scala source)
2023.03.17 15:41:44 INFO  time: compiled strategy in 50ms
2023.03.17 15:41:47 WARN  Could not load snapshot text for C:\Users\darij\Desktop\emptyfolder\strategy\src\main\scala\Hex.scala
2023.03.17 15:41:49 WARN  Could not load snapshot text for C:\Users\darij\Desktop\emptyfolder\strategy\src\main\scala\Hex.scala
2023.03.17 15:41:49 INFO  compiling strategy (1 scala source)
2023.03.17 15:41:49 INFO  time: compiled strategy in 48ms
2023.03.17 15:41:52 WARN  Could not load snapshot text for C:\Users\darij\Desktop\emptyfolder\strategy\src\main\scala\Hex.scala
2023.03.17 15:41:57 WARN  Could not load snapshot text for C:\Users\darij\Desktop\emptyfolder\strategy\src\main\scala\Hex.scala
2023.03.17 15:41:58 WARN  Could not load snapshot text for C:\Users\darij\Desktop\emptyfolder\strategy\src\main\scala\Hex.scala
2023.03.17 15:42:00 INFO  compiling strategy (1 scala source)
2023.03.17 15:42:00 INFO  time: compiled strategy in 0.56s
2023.03.17 15:42:03 WARN  Could not load snapshot text for C:\Users\darij\Desktop\emptyfolder\strategy\src\main\scala\Hex.scala
2023.03.17 15:42:07 WARN  Could not load snapshot text for C:\Users\darij\Desktop\emptyfolder\strategy\src\main\scala\Hex.scala
2023.03.17 15:42:11 WARN  Could not load snapshot text for C:\Users\darij\Desktop\emptyfolder\strategy\src\main\scala\Hex.scala
2023.03.17 15:42:12 WARN  Could not load snapshot text for C:\Users\darij\Desktop\emptyfolder\strategy\src\main\scala\Hex.scala
2023.03.17 15:42:13 WARN  Could not load snapshot text for C:\Users\darij\Desktop\emptyfolder\strategy\src\main\scala\Hex.scala
2023.03.17 15:42:14 INFO  compiling strategy (1 scala source)
2023.03.17 15:42:14 INFO  time: compiled strategy in 0.71s
2023.03.17 15:42:32 INFO  compiling strategy (1 scala source)
2023.03.17 15:42:32 INFO  time: compiled strategy in 0.1s
2023.03.17 15:42:42 INFO  compiling strategy (1 scala source)
2023.03.17 15:42:42 INFO  time: compiled strategy in 0.7s
2023.03.17 17:26:18 INFO  compiling strategy (1 scala source)
2023.03.17 17:26:18 INFO  time: compiled strategy in 0.58s
2023.03.17 17:26:35 INFO  compiling strategy (1 scala source)
2023.03.17 17:26:35 INFO  time: compiled strategy in 0.68s
2023.03.17 17:28:01 INFO  compiling strategy (1 scala source)
2023.03.17 17:28:01 INFO  time: compiled strategy in 67ms
2023.03.17 17:28:14 INFO  compiling strategy (2 scala sources)
2023.03.17 17:28:14 INFO  time: compiled strategy in 75ms
2023.03.17 17:28:17 INFO  compiling strategy (2 scala sources)
2023.03.17 17:28:17 INFO  time: compiled strategy in 71ms
2023.03.17 17:28:19 INFO  compiling strategy (2 scala sources)
2023.03.17 17:28:19 INFO  time: compiled strategy in 68ms
2023.03.17 17:28:29 INFO  compiling strategy (2 scala sources)
2023.03.17 17:28:29 INFO  time: compiled strategy in 71ms
2023.03.17 17:29:09 INFO  compiling strategy (2 scala sources)
2023.03.17 17:29:09 INFO  time: compiled strategy in 0.77s
2023.03.17 17:29:50 INFO  compiling strategy (1 scala source)
2023.03.17 17:29:50 INFO  time: compiled strategy in 66ms
2023.03.17 17:30:01 INFO  compiling strategy (1 scala source)
2023.03.17 17:30:01 INFO  time: compiled strategy in 64ms
2023.03.17 17:30:06 INFO  compiling strategy (1 scala source)
2023.03.17 17:30:06 INFO  time: compiled strategy in 0.68s
2023.03.17 17:30:15 INFO  compiling strategy (1 scala source)
2023.03.17 17:30:15 INFO  time: compiled strategy in 0.61s
2023.03.17 17:34:24 INFO  compiling strategy (1 scala source)
2023.03.17 17:34:24 INFO  time: compiled strategy in 0.62s
2023.03.17 17:34:24 INFO  compiling strategy (1 scala source)
2023.03.17 17:34:24 INFO  time: compiled strategy in 0.3s
Mar 17, 2023 5:34:46 PM org.eclipse.lsp4j.jsonrpc.RemoteEndpoint handleCancellation
WARNING: Unmatched cancel notification for request id 3820
2023.03.17 17:34:53 INFO  compiling strategy (1 scala source)
2023.03.17 17:34:53 INFO  time: compiled strategy in 0.7s
2023.03.17 17:35:07 INFO  compiling strategy (1 scala source)
2023.03.17 17:35:07 INFO  time: compiled strategy in 0.66s
2023.03.17 17:36:54 INFO  compiling strategy (1 scala source)
2023.03.17 17:36:54 INFO  time: compiled strategy in 87ms
2023.03.17 17:37:06 INFO  compiling strategy (1 scala source)
2023.03.17 17:37:06 INFO  time: compiled strategy in 97ms
2023.03.17 17:37:10 INFO  compiling strategy (1 scala source)
2023.03.17 17:37:10 INFO  time: compiled strategy in 90ms
2023.03.17 17:37:12 INFO  compiling strategy (1 scala source)
2023.03.17 17:37:12 INFO  time: compiled strategy in 92ms
2023.03.17 17:37:15 INFO  compiling strategy (1 scala source)
2023.03.17 17:37:15 INFO  time: compiled strategy in 93ms
2023.03.17 17:37:20 INFO  compiling strategy (1 scala source)
2023.03.17 17:37:20 INFO  time: compiled strategy in 0.65s
2023.03.17 17:38:34 INFO  compiling strategy (1 scala source)
2023.03.17 17:38:34 INFO  time: compiled strategy in 0.62s
Mar 17, 2023 5:40:04 PM org.eclipse.lsp4j.jsonrpc.RemoteEndpoint handleCancellation
WARNING: Unmatched cancel notification for request id 4387
Mar 17, 2023 5:40:38 PM scala.meta.internal.pc.CompilerAccess retryWithCleanCompiler
INFO: compiler crashed due to an error in the Scala compiler, retrying with new compiler instance.
Mar 17, 2023 5:40:39 PM scala.meta.internal.pc.CompilerAccess handleError
SEVERE: null
java.lang.NullPointerException
	at scala.reflect.internal.Definitions$DefinitionsClass.isByNameParamType(Definitions.scala:420)
	at scala.reflect.internal.TreeInfo.isStableIdent(TreeInfo.scala:140)
	at scala.reflect.internal.TreeInfo.isStableIdentifier(TreeInfo.scala:113)
	at scala.reflect.internal.TreeInfo.isPath(TreeInfo.scala:102)
	at scala.tools.nsc.interactive.Global.stabilizedType(Global.scala:974)
	at scala.tools.nsc.interactive.Global.typedTreeAt(Global.scala:822)
	at scala.meta.internal.pc.SignatureHelpProvider.signatureHelp(SignatureHelpProvider.scala:23)

2023.03.17 17:42:30 WARN  Using indexes to guess the definition of Entity
2023.03.17 17:46:53 INFO  compiling strategy (1 scala source)
2023.03.17 17:46:53 INFO  time: compiled strategy in 0.64s
2023.03.17 17:47:10 INFO  compiling strategy (1 scala source)
2023.03.17 17:47:10 INFO  time: compiled strategy in 0.62s
2023.03.17 17:47:18 INFO  compiling strategy (1 scala source)
2023.03.17 17:47:18 INFO  time: compiled strategy in 0.72s
2023.03.17 17:47:40 INFO  compiling strategy (1 scala source)
2023.03.17 17:47:40 INFO  time: compiled strategy in 0.28s
2023.03.17 17:48:51 INFO  compiling strategy (1 scala source)
2023.03.17 17:48:51 INFO  time: compiled strategy in 0.3s
2023.03.17 18:05:06 INFO  compiling strategy (1 scala source)
2023.03.17 18:05:06 INFO  time: compiled strategy in 65ms
2023.03.17 18:05:18 INFO  compiling strategy (1 scala source)
2023.03.17 18:05:18 INFO  time: compiled strategy in 0.64s
2023.03.17 18:05:35 INFO  compiling strategy (1 scala source)
2023.03.17 18:05:35 INFO  time: compiled strategy in 0.63s
2023.03.17 18:13:56 INFO  compiling strategy (1 scala source)
2023.03.17 18:13:56 INFO  time: compiled strategy in 0.92s
something's wrong: no file:///C:/Users/darij/Desktop/emptyfolder/strategy/src/main/scala/Atlas.scala in scala.collection.mutable.Buffer[<error>]RangePosition(file:///C:/Users/darij/Desktop/emptyfolder/strategy/src/main/scala/Atlas.scala, 87, 87, 147)
2023.03.17 18:20:49 INFO  compiling strategy (1 scala source)
2023.03.17 18:20:49 INFO  time: compiled strategy in 0.58s
2023.03.17 18:22:24 INFO  compiling strategy (1 scala source)
2023.03.17 18:22:24 INFO  time: compiled strategy in 0.62s
Mar 17, 2023 6:22:48 PM org.eclipse.lsp4j.jsonrpc.services.GenericEndpoint notify
INFO: Unsupported notification method: $/setTrace
Mar 17, 2023 6:26:28 PM scala.meta.internal.pc.CompilerAccess retryWithCleanCompiler
INFO: compiler crashed due to an error in the Scala compiler, retrying with new compiler instance.
Mar 17, 2023 6:26:28 PM scala.meta.internal.pc.CompilerAccess handleError
SEVERE: null
java.lang.NullPointerException
	at scala.reflect.internal.Definitions$DefinitionsClass.isByNameParamType(Definitions.scala:420)
	at scala.reflect.internal.TreeInfo.isStableIdent(TreeInfo.scala:140)
	at scala.reflect.internal.TreeInfo.isStableIdentifier(TreeInfo.scala:113)
	at scala.reflect.internal.TreeInfo.isPath(TreeInfo.scala:102)
	at scala.tools.nsc.interactive.Global.stabilizedType(Global.scala:974)
	at scala.tools.nsc.interactive.Global.typedTreeAt(Global.scala:822)
	at scala.meta.internal.pc.SignatureHelpProvider.signatureHelp(SignatureHelpProvider.scala:23)

Mar 17, 2023 6:26:59 PM org.eclipse.lsp4j.jsonrpc.RemoteEndpoint handleCancellation
WARNING: Unmatched cancel notification for request id 5716
Mar 17, 2023 6:26:59 PM org.eclipse.lsp4j.jsonrpc.RemoteEndpoint handleCancellation
WARNING: Unmatched cancel notification for request id 5714
2023.03.17 18:27:40 INFO  compiling strategy (1 scala source)
2023.03.17 18:27:40 INFO  time: compiled strategy in 0.14s
Mar 17, 2023 6:27:41 PM org.eclipse.lsp4j.jsonrpc.RemoteEndpoint handleCancellation
WARNING: Unmatched cancel notification for request id 5871
2023.03.17 18:28:31 INFO  compiling strategy (1 scala source)
2023.03.17 18:28:31 INFO  time: compiled strategy in 0.23s
2023.03.17 18:29:52 INFO  compiling strategy (1 scala source)
2023.03.17 18:29:52 INFO  time: compiled strategy in 0.21s
2023.03.17 18:29:57 INFO  compiling strategy (1 scala source)
2023.03.17 18:29:57 INFO  time: compiled strategy in 0.13s
2023.03.17 18:30:58 INFO  compiling strategy (1 scala source)
2023.03.17 18:30:58 INFO  time: compiled strategy in 59ms
Mar 17, 2023 6:31:10 PM org.eclipse.lsp4j.jsonrpc.RemoteEndpoint handleCancellation
WARNING: Unmatched cancel notification for request id 6341
Mar 17, 2023 6:31:12 PM org.eclipse.lsp4j.jsonrpc.RemoteEndpoint handleCancellation
WARNING: Unmatched cancel notification for request id 6349
2023.03.17 18:31:17 INFO  compiling strategy (1 scala source)
2023.03.17 18:31:17 INFO  time: compiled strategy in 0.12s
Mar 17, 2023 6:31:25 PM scala.meta.internal.pc.CompletionProvider expected$1
WARNING: offset 335, count -1, length 476
2023.03.17 18:31:33 INFO  compiling strategy (1 scala source)
2023.03.17 18:31:33 INFO  time: compiled strategy in 0.12s
2023.03.17 18:33:03 INFO  compiling strategy (1 scala source)
2023.03.17 18:33:03 INFO  time: compiled strategy in 84ms
2023.03.17 18:33:11 INFO  compiling strategy (1 scala source)
2023.03.17 18:33:11 INFO  time: compiled strategy in 0.75s
2023.03.17 18:34:22 INFO  compiling strategy (1 scala source)
2023.03.17 18:34:22 INFO  time: compiled strategy in 52ms
2023.03.17 18:34:39 INFO  compiling strategy (1 scala source)
2023.03.17 18:34:39 INFO  time: compiled strategy in 0.76s
2023.03.17 18:36:31 INFO  compiling strategy (1 scala source)
2023.03.17 18:36:31 INFO  time: compiled strategy in 0.79s
2023.03.17 18:37:19 INFO  compiling strategy (1 scala source)
2023.03.17 18:37:19 INFO  time: compiled strategy in 0.87s
2023.03.17 18:37:39 INFO  compiling strategy (1 scala source)
2023.03.17 18:37:39 INFO  time: compiled strategy in 0.56s
2023.03.22 20:29:45 INFO  Shutting down server
2023.03.22 20:29:45 INFO  shutting down Metals
2023.03.22 20:29:45 INFO  Exiting server
2023.03.30 17:37:48 INFO  Started: Metals version 0.11.11 in workspace 'C:\Users\darij\Desktop\emptyfolder\strategy' for client Visual Studio Code 1.76.2.
SLF4J: No SLF4J providers were found.
SLF4J: Defaulting to no-operation (NOP) logger implementation
SLF4J: See https://www.slf4j.org/codes.html#noProviders for further details.
SLF4J: Class path contains SLF4J bindings targeting slf4j-api versions 1.7.x or earlier.
SLF4J: Ignoring binding found at [jar:file:/C:/Users/darij/AppData/Local/Coursier/cache/v1/https/repo1.maven.org/maven2/com/outr/scribe-slf4j_2.13/3.11.0/scribe-slf4j_2.13-3.11.0.jar!/org/slf4j/impl/StaticLoggerBinder.class]
SLF4J: See https://www.slf4j.org/codes.html#ignoredBindings for an explanation.
2023.03.30 17:37:48 INFO  time: initialize in 0.78s
2023.03.30 17:37:50 INFO  Attempting to connect to the build server...
2023.03.30 17:37:50 INFO  Bloop uses C:\Users\darij\.jabba\jdk\adopt@1.11.0-11 defined at C:\Users\darij\.bloop\bloop.json
2023.03.30 17:37:50 INFO  skipping build import with status 'Installed'
2023.03.30 17:38:02 INFO  no build target found for C:\Users\darij\Desktop\emptyfolder\strategy\src\main\scala\Atlas.scala. Using presentation compiler with project's scala-library version: 3.2.2
2023.03.30 17:38:04 INFO  tracing is disabled for protocol BSP, to enable tracing of incoming and outgoing JSON messages create an empty file at C:\Users\darij\Desktop\emptyfolder\strategy\.metals\bsp.trace.json or C:\Users\darij\AppData\Local\scalameta\metals\cache\bsp.trace.json
2023.03.30 17:38:05 INFO  Attempting to connect to the build server...
2023.03.30 17:38:05 INFO  Bloop uses C:\Users\darij\.jabba\jdk\adopt@1.11.0-11 defined at C:\Users\darij\.bloop\bloop.json
2023.03.30 17:38:05 INFO  tracing is disabled for protocol BSP, to enable tracing of incoming and outgoing JSON messages create an empty file at C:\Users\darij\Desktop\emptyfolder\strategy\project\.metals\bsp.trace.json or C:\Users\darij\AppData\Local\scalameta\metals\cache\bsp.trace.json
2023.03.30 17:38:05 INFO  time: Connected to build server in 14s
2023.03.30 17:38:05 INFO  Connected to Build server: Bloop v1.5.6
2023.03.30 17:38:06 INFO  time: Imported build in 0.4s
2023.03.30 17:38:06 INFO  time: code lens generation in 15s
2023.03.30 17:38:08 INFO  no build target found for C:\Users\darij\Desktop\emptyfolder\strategy\src\main\scala\Hex.scala. Using presentation compiler with project's scala-library version: 3.2.2
2023.03.30 17:38:08 INFO  time: code lens generation in 3.33s
2023.03.30 17:38:13 INFO  time: code lens generation in 11s
2023.03.30 17:38:17 INFO  time: indexed workspace in 11s
2023.03.30 17:38:18 INFO  compiling strategy (5 scala sources)
2023.03.30 17:38:27 INFO  time: compiled strategy in 8.3s
Mar 30, 2023 5:45:58 PM scala.meta.internal.pc.CompilerAccess retryWithCleanCompiler
INFO: compiler crashed due to an error in the Scala compiler, retrying with new compiler instance.
Mar 30, 2023 5:45:58 PM scala.meta.internal.pc.CompilerAccess handleError
SEVERE: null
java.lang.NullPointerException
	at scala.reflect.internal.Definitions$DefinitionsClass.isByNameParamType(Definitions.scala:420)
	at scala.reflect.internal.TreeInfo.isStableIdent(TreeInfo.scala:140)
	at scala.reflect.internal.TreeInfo.isStableIdentifier(TreeInfo.scala:113)
	at scala.reflect.internal.TreeInfo.isPath(TreeInfo.scala:102)
	at scala.tools.nsc.interactive.Global.stabilizedType(Global.scala:974)
	at scala.tools.nsc.interactive.Global.typedTreeAt(Global.scala:822)
	at scala.meta.internal.pc.SignatureHelpProvider.signatureHelp(SignatureHelpProvider.scala:23)

2023.03.30 17:50:50 INFO  compiling strategy (1 scala source)
2023.03.30 17:50:50 INFO  time: compiled strategy in 0.8s
2023.03.30 17:51:09 INFO  compiling strategy (1 scala source)
2023.03.30 17:51:09 INFO  time: compiled strategy in 0.25s
2023.03.30 17:51:17 INFO  compiling strategy (1 scala source)
2023.03.30 17:51:17 INFO  time: compiled strategy in 0.28s
2023.03.30 17:51:23 INFO  compiling strategy (1 scala source)
2023.03.30 17:51:23 INFO  time: compiled strategy in 0.2s
Mar 30, 2023 5:53:12 PM org.eclipse.lsp4j.jsonrpc.RemoteEndpoint handleCancellation
WARNING: Unmatched cancel notification for request id 465
2023.03.30 17:57:24 INFO  compiling strategy (1 scala source)
2023.03.30 17:57:26 INFO  time: compiled strategy in 1.72s
2023.03.30 18:12:13 INFO  compiling strategy (1 scala source)
2023.03.30 18:12:13 INFO  time: compiled strategy in 0.93s
2023.03.30 18:12:25 INFO  compiling strategy (1 scala source)
2023.03.30 18:12:25 INFO  time: compiled strategy in 0.18s
2023.03.30 18:13:58 INFO  compiling strategy (1 scala source)
2023.03.30 18:13:58 INFO  time: compiled strategy in 0.94s
Mar 30, 2023 6:13:59 PM scala.meta.internal.pc.CompilerAccess retryWithCleanCompiler
INFO: compiler crashed due to an error in the Scala compiler, retrying with new compiler instance.
2023.03.30 18:14:41 INFO  compiling strategy (1 scala source)
2023.03.30 18:14:41 INFO  time: compiled strategy in 0.82s
2023.03.30 18:14:48 INFO  compiling strategy (1 scala source)
2023.03.30 18:14:49 INFO  time: compiled strategy in 1.01s
Exception in thread "pool-5-thread-1" java.lang.InterruptedException
	at scala.meta.internal.metals.FutureCancelToken.checkCanceled(FutureCancelToken.scala:29)
	at scala.meta.internal.pc.CompilerAccess.$anonfun$onCompilerJobQueue$1(CompilerAccess.scala:195)
	at scala.meta.internal.pc.CompilerJobQueue$Job.run(CompilerJobQueue.scala:152)
	at java.base/java.util.concurrent.ThreadPoolExecutor.runWorker(ThreadPoolExecutor.java:1128)
	at java.base/java.util.concurrent.ThreadPoolExecutor$Worker.run(ThreadPoolExecutor.java:628)
	at java.base/java.lang.Thread.run(Thread.java:829)
2023.03.30 18:15:44 INFO  compiling strategy (1 scala source)
2023.03.30 18:15:44 INFO  time: compiled strategy in 0.86s
2023.03.30 18:15:47 INFO  compiling strategy (1 scala source)
2023.03.30 18:15:47 INFO  compiling strategy (1 scala source)
2023.03.30 18:15:47 INFO  time: compiled strategy in 0.36s
2023.03.30 18:15:51 INFO  compiling strategy (1 scala source)
2023.03.30 18:15:51 INFO  time: compiled strategy in 0.79s
2023.03.30 18:15:56 INFO  compiling strategy (1 scala source)
2023.03.30 18:15:56 INFO  Deduplicating compilation of strategy from bsp client 'Metals 0.11.11' (since 37m 51.681s)
2023.03.30 18:15:56 INFO  compiling strategy (1 scala source)
2023.03.30 18:15:56 INFO  time: compiled strategy in 0.31s
2023.03.30 18:16:55 INFO  compiling strategy (1 scala source)
2023.03.30 18:16:56 INFO  time: compiled strategy in 1.04s
2023.03.30 18:17:49 INFO  compiling strategy (1 scala source)
2023.03.30 18:17:49 INFO  time: compiled strategy in 0.68s
2023.03.30 18:18:11 INFO  compiling strategy (1 scala source)
2023.03.30 18:18:11 INFO  time: compiled strategy in 0.13s
2023.03.30 18:18:18 INFO  compiling strategy (1 scala source)
2023.03.30 18:18:18 INFO  time: compiled strategy in 0.94s
2023.03.30 18:18:18 INFO  compiling strategy (5 scala sources)
2023.03.30 18:18:19 INFO  time: compiled strategy in 0.31s
2023.03.30 18:18:45 INFO  compiling strategy (1 scala source)
2023.03.30 18:18:45 INFO  time: compiled strategy in 0.72s
2023.03.30 18:19:12 INFO  compiling strategy (1 scala source)
2023.03.30 18:19:12 INFO  time: compiled strategy in 0.93s
2023.03.30 18:19:12 INFO  compiling strategy (5 scala sources)
2023.03.30 18:19:14 INFO  time: compiled strategy in 1.11s
2023.03.30 18:20:03 INFO  compiling strategy (1 scala source)
2023.03.30 18:20:03 INFO  time: compiled strategy in 0.95s
2023.03.30 18:21:35 INFO  compiling strategy (1 scala source)
2023.03.30 18:21:35 INFO  time: compiled strategy in 0.96s
2023.03.30 18:23:48 INFO  compiling strategy (1 scala source)
2023.03.30 18:23:48 INFO  time: compiled strategy in 0.12s
2023.03.30 18:23:52 INFO  compiling strategy (1 scala source)
2023.03.30 18:23:52 INFO  time: compiled strategy in 0.99s
2023.03.30 18:27:33 INFO  compiling strategy (1 scala source)
2023.03.30 18:27:33 INFO  time: compiled strategy in 0.77s
2023.03.30 18:27:55 INFO  compiling strategy (1 scala source)
2023.03.30 18:27:55 INFO  time: compiled strategy in 96ms
2023.03.30 18:28:04 INFO  compiling strategy (1 scala source)
2023.03.30 18:28:04 INFO  time: compiled strategy in 0.63s
Mar 30, 2023 6:28:52 PM org.eclipse.lsp4j.jsonrpc.RemoteEndpoint handleCancellation
WARNING: Unmatched cancel notification for request id 2446
2023.03.30 18:28:58 INFO  compiling strategy (1 scala source)
2023.03.30 18:28:58 INFO  time: compiled strategy in 0.65s
2023.03.30 18:29:01 INFO  compiling strategy (1 scala source)
2023.03.30 18:29:01 INFO  time: compiled strategy in 0.63s
2023.03.30 18:29:52 INFO  compiling strategy (1 scala source)
2023.03.30 18:29:52 INFO  time: compiled strategy in 0.8s
2023.03.30 18:30:02 INFO  compiling strategy (1 scala source)
2023.03.30 18:30:02 INFO  time: compiled strategy in 0.13s
2023.03.30 18:32:45 INFO  Deduplicating compilation of strategy from bsp client 'Metals 0.11.11' (since 54m 40.253s)
2023.03.30 18:32:45 INFO  compiling strategy (1 scala source)
2023.03.30 18:32:45 INFO  compiling strategy (1 scala source)
2023.03.30 18:32:45 INFO  time: compiled strategy in 0.13s
2023.03.30 18:34:24 INFO  compiling strategy (1 scala source)
2023.03.30 18:34:24 INFO  time: compiled strategy in 0.67s
2023.03.30 18:34:32 INFO  compiling strategy (1 scala source)
2023.03.30 18:34:32 INFO  time: compiled strategy in 0.72s
Exception in thread "pool-5-thread-2" java.lang.InterruptedException
	at scala.meta.internal.metals.FutureCancelToken.checkCanceled(FutureCancelToken.scala:29)
	at scala.meta.internal.pc.CompilerAccess.$anonfun$onCompilerJobQueue$1(CompilerAccess.scala:195)
	at scala.meta.internal.pc.CompilerJobQueue$Job.run(CompilerJobQueue.scala:152)
	at java.base/java.util.concurrent.ThreadPoolExecutor.runWorker(ThreadPoolExecutor.java:1128)
	at java.base/java.util.concurrent.ThreadPoolExecutor$Worker.run(ThreadPoolExecutor.java:628)
	at java.base/java.lang.Thread.run(Thread.java:829)
2023.03.30 18:34:47 INFO  compiling strategy (1 scala source)
2023.03.30 18:34:47 INFO  time: compiled strategy in 0.9s
Mar 30, 2023 6:44:22 PM org.eclipse.lsp4j.jsonrpc.RemoteEndpoint handleCancellation
WARNING: Unmatched cancel notification for request id 2999
Mar 30, 2023 6:44:58 PM scala.meta.internal.pc.CompletionProvider expected$1
WARNING: offset 746, count -1, length 854
Mar 30, 2023 6:47:45 PM scala.meta.internal.pc.CompletionProvider expected$1
WARNING: offset 844, count -1, length 868
2023.03.30 18:51:49 INFO  compiling strategy (1 scala source)
2023.03.30 18:51:49 INFO  time: compiled strategy in 0.14s
2023.03.30 18:52:22 INFO  compiling strategy (2 scala sources)
2023.03.30 18:52:22 INFO  time: compiled strategy in 0.16s
2023.03.30 18:52:34 INFO  compiling strategy (2 scala sources)
2023.03.30 18:52:34 INFO  time: compiled strategy in 0.14s
2023.03.30 18:53:02 INFO  compiling strategy (2 scala sources)
2023.03.30 18:53:02 INFO  time: compiled strategy in 0.18s
2023.03.30 18:53:04 INFO  compiling strategy (2 scala sources)
2023.03.30 18:53:04 INFO  time: compiled strategy in 0.14s
2023.03.30 18:53:18 INFO  compiling strategy (2 scala sources)
2023.03.30 18:53:18 INFO  time: compiled strategy in 0.15s
2023.03.30 18:53:22 INFO  compiling strategy (2 scala sources)
2023.03.30 18:53:22 INFO  time: compiled strategy in 0.13s
2023.03.30 18:53:24 INFO  compiling strategy (2 scala sources)
2023.03.30 18:53:24 INFO  time: compiled strategy in 0.14s
2023.03.30 18:54:11 INFO  compiling strategy (2 scala sources)
2023.03.30 18:54:13 INFO  time: compiled strategy in 1.32s
2023.03.30 18:55:00 INFO  compiling strategy (1 scala source)
2023.03.30 18:55:00 INFO  time: compiled strategy in 0.91s
2023.03.30 18:58:22 INFO  compiling strategy (1 scala source)
2023.03.30 18:58:22 INFO  time: compiled strategy in 0.85s
2023.03.30 19:00:46 INFO  compiling strategy (1 scala source)
2023.03.30 19:00:46 INFO  time: compiled strategy in 0.61s
2023.03.30 19:01:05 INFO  compiling strategy (1 scala source)
2023.03.30 19:01:05 INFO  time: compiled strategy in 0.59s
2023.03.30 19:01:10 INFO  compiling strategy (1 scala source)
2023.03.30 19:01:10 INFO  time: compiled strategy in 56ms
2023.03.30 19:01:12 INFO  compiling strategy (1 scala source)
2023.03.30 19:01:12 INFO  time: compiled strategy in 0.7s
2023.03.30 19:01:33 INFO  compiling strategy (1 scala source)
2023.03.30 19:01:33 INFO  time: compiled strategy in 0.59s
2023.03.30 19:01:42 INFO  compiling strategy (1 scala source)
2023.03.30 19:01:42 INFO  time: compiled strategy in 0.64s
2023.03.30 19:01:49 INFO  compiling strategy (1 scala source)
2023.03.30 19:01:49 INFO  time: compiled strategy in 0.71s
2023.03.30 19:01:52 INFO  compiling strategy (1 scala source)
2023.03.30 19:01:52 INFO  time: compiled strategy in 0.62s
2023.03.30 19:02:19 INFO  compiling strategy (1 scala source)
2023.03.30 19:02:19 INFO  time: compiled strategy in 0.82s
2023.03.30 19:02:22 INFO  compiling strategy (1 scala source)
2023.03.30 19:02:22 INFO  time: compiled strategy in 0.81s
2023.03.30 19:02:27 INFO  compiling strategy (1 scala source)
2023.03.30 19:02:27 INFO  time: compiled strategy in 0.59s
2023.03.30 19:02:30 INFO  compiling strategy (1 scala source)
2023.03.30 19:02:30 INFO  time: compiled strategy in 0.56s
2023.03.30 19:03:40 INFO  compiling strategy (1 scala source)
2023.03.30 19:03:40 INFO  time: compiled strategy in 0.59s
2023.03.30 19:03:52 INFO  compiling strategy (1 scala source)
2023.03.30 19:03:52 INFO  time: compiled strategy in 80ms
2023.03.30 19:03:55 INFO  compiling strategy (1 scala source)
2023.03.30 19:03:55 INFO  time: compiled strategy in 0.73s
2023.03.30 19:03:55 INFO  compiling strategy (2 scala sources)
2023.03.30 19:03:57 INFO  time: compiled strategy in 0.65s
2023.03.30 19:04:32 INFO  compiling strategy (1 scala source)
2023.03.30 19:04:32 INFO  time: compiled strategy in 0.11s
Mar 30, 2023 7:05:05 PM scala.meta.internal.pc.CompilerAccess retryWithCleanCompiler
INFO: compiler crashed due to an error in the Scala compiler, retrying with new compiler instance.
Mar 30, 2023 7:05:05 PM scala.meta.internal.pc.CompilerAccess handleError
SEVERE: null
java.lang.NullPointerException
	at scala.reflect.internal.Definitions$DefinitionsClass.isByNameParamType(Definitions.scala:420)
	at scala.reflect.internal.TreeInfo.isStableIdent(TreeInfo.scala:140)
	at scala.reflect.internal.TreeInfo.isStableIdentifier(TreeInfo.scala:113)
	at scala.reflect.internal.TreeInfo.isPath(TreeInfo.scala:102)
	at scala.tools.nsc.interactive.Global.stabilizedType(Global.scala:974)
	at scala.tools.nsc.interactive.Global.typedTreeAt(Global.scala:822)
	at scala.meta.internal.pc.SignatureHelpProvider.signatureHelp(SignatureHelpProvider.scala:23)

2023.03.30 19:05:09 INFO  compiling strategy (2 scala sources)
2023.03.30 19:05:09 INFO  time: compiled strategy in 0.89s
2023.03.30 19:05:20 INFO  compiling strategy (2 scala sources)
2023.03.30 19:05:20 INFO  time: compiled strategy in 0.84s
2023.03.30 19:05:39 INFO  compiling strategy (2 scala sources)
2023.03.30 19:05:39 INFO  time: compiled strategy in 0.84s
2023.03.30 19:05:41 INFO  compiling strategy (2 scala sources)
2023.03.30 19:05:41 INFO  Deduplicating compilation of strategy from bsp client 'Metals 0.11.11' (since 1h 27m 37.552s)
2023.03.30 19:05:41 INFO  compiling strategy (2 scala sources)
2023.03.30 19:05:41 INFO  time: compiled strategy in 0.27s
2023.03.30 19:09:48 INFO  compiling strategy (2 scala sources)
2023.03.30 19:09:48 INFO  time: compiled strategy in 0.83s
2023.03.30 19:09:51 INFO  compiling strategy (2 scala sources)
2023.03.30 19:09:51 INFO  time: compiled strategy in 0.86s
2023.03.30 19:10:05 INFO  compiling strategy (2 scala sources)
2023.03.30 19:10:05 INFO  time: compiled strategy in 0.86s
2023.03.30 19:10:10 INFO  compiling strategy (2 scala sources)
2023.03.30 19:10:10 WARN  1 deprecation (since 2.13.3); re-run with -deprecation for details
2023.03.30 19:10:11 INFO  time: compiled strategy in 1.1s
2023.03.30 19:10:11 INFO  compiling strategy (5 scala sources)
2023.03.30 19:10:11 WARN  1 deprecation (since 2.13.3); re-run with -deprecation for details
2023.03.30 19:10:12 INFO  time: compiled strategy in 1.12s
2023.03.30 19:13:16 INFO  compiling strategy (1 scala source)
2023.03.30 19:13:16 WARN  1 deprecation (since 2.13.3); re-run with -deprecation for details
2023.03.30 19:13:16 INFO  time: compiled strategy in 0.99s
Mar 30, 2023 9:17:55 PM org.eclipse.lsp4j.jsonrpc.services.GenericEndpoint notify
INFO: Unsupported notification method: $/setTrace
2023.03.30 21:18:02 INFO  compiling strategy (1 scala source)
